2024-05-21 17:14:21,116 - NewsExtractor - INFO - Opened the news site
2024-05-21 17:26:16,368 - NewsExtractor - INFO - Opened the news site
2024-05-21 17:30:27,934 - NewsExtractor - INFO - Opened the news site
2024-05-21 17:31:00,600 - NewsExtractor - ERROR - Element with locator '//button[@class="SearchOverlay-search-button"]' not found.
Traceback (most recent call last):
  File "c:\Users\Bill Piazzetta\Documents\PIXELDU\news_data_extraction_2\NewsExtractor.py", line 45, in click_on_search_button
    EC.element_to_be_clickable(self.browser.find_element(loc.search_button_xpath))
  File "C:\ProgramData\robocorp\ht\8e69d8c_b1f3c24_1c0bc041\lib\site-packages\SeleniumLibrary\__init__.py", line 610, in find_element
    return self._element_finder.find(locator, parent=parent)
  File "C:\ProgramData\robocorp\ht\8e69d8c_b1f3c24_1c0bc041\lib\site-packages\SeleniumLibrary\locators\elementfinder.py", line 93, in find
    return self._find(locators[-1], tag, first_only, required, element)
  File "C:\ProgramData\robocorp\ht\8e69d8c_b1f3c24_1c0bc041\lib\site-packages\SeleniumLibrary\locators\elementfinder.py", line 125, in _find
    raise ElementNotFound(f"{element_type} with locator '{locator}' not found.")
SeleniumLibrary.errors.ElementNotFound: Element with locator '//button[@class="SearchOverlay-search-button"]' not found.
2024-05-21 17:31:00,601 - NewsExtractor - ERROR - local variable 'search_button' referenced before assignment
Traceback (most recent call last):
  File "c:\Users\Bill Piazzetta\Documents\PIXELDU\news_data_extraction_2\NewsExtractor.py", line 45, in click_on_search_button
    EC.element_to_be_clickable(self.browser.find_element(loc.search_button_xpath))
  File "C:\ProgramData\robocorp\ht\8e69d8c_b1f3c24_1c0bc041\lib\site-packages\SeleniumLibrary\__init__.py", line 610, in find_element
    return self._element_finder.find(locator, parent=parent)
  File "C:\ProgramData\robocorp\ht\8e69d8c_b1f3c24_1c0bc041\lib\site-packages\SeleniumLibrary\locators\elementfinder.py", line 93, in find
    return self._find(locators[-1], tag, first_only, required, element)
  File "C:\ProgramData\robocorp\ht\8e69d8c_b1f3c24_1c0bc041\lib\site-packages\SeleniumLibrary\locators\elementfinder.py", line 125, in _find
    raise ElementNotFound(f"{element_type} with locator '{locator}' not found.")
SeleniumLibrary.errors.ElementNotFound: Element with locator '//button[@class="SearchOverlay-search-button"]' not found.

During handling of the above exception, another exception occurred:

Traceback (most recent call last):
  File "c:\Users\Bill Piazzetta\Documents\PIXELDU\news_data_extraction_2\NewsExtractor.py", line 54, in click_on_search_button
    self.browser.click_button_when_visible(search_button)
UnboundLocalError: local variable 'search_button' referenced before assignment
2024-05-21 17:33:07,711 - NewsExtractor - INFO - Opened the news site
2024-05-21 17:49:04,859 - NewsExtractor - INFO - Opened the news site
2024-05-21 19:10:32,114 - NewsExtractor - INFO - Opened the news site
2024-05-21 19:40:54,791 - NewsExtractor - INFO - Opened the news site
2024-05-21 19:41:04,563 - NewsExtractor - WARNING - Unable to click on checkbox - Message: javascript error: {"status":32,"value":"Unable to locate an element with the xpath expression //div/div[1]/label/span[contains(text(), World & Nation)] because of the following error:\nSyntaxError: Failed to execute 'evaluate' on 'Document': The string '//div/div[1]/label/span[contains(text(), World & Nation)]' is not a valid XPath expression."}
  (Session info: chrome=124.0.6367.208)
Stacktrace:
	GetHandleVerifier [0x00A4C113+48259]
	(No symbol) [0x009DCA41]
	(No symbol) [0x008D0A17]
	(No symbol) [0x008D5B58]
	(No symbol) [0x008D7652]
	(No symbol) [0x008D76D0]
	(No symbol) [0x00910A0B]
	(No symbol) [0x00910C9B]
	(No symbol) [0x0094BC12]
	(No symbol) [0x00930DE4]
	(No symbol) [0x00949B9C]
	(No symbol) [0x00930B36]
	(No symbol) [0x0090570D]
	(No symbol) [0x009062CD]
	GetHandleVerifier [0x00D065A3+2908435]
	GetHandleVerifier [0x00D43BBB+3159851]
	GetHandleVerifier [0x00AE50CB+674875]
	GetHandleVerifier [0x00AEB28C+699900]
	(No symbol) [0x009E6244]
	(No symbol) [0x009E2298]
	(No symbol) [0x009E242C]
	(No symbol) [0x009D4BB0]
	BaseThreadInitThunk [0x76097BA9+25]
	RtlInitializeExceptionChain [0x7707BE3B+107]
	RtlClearBits [0x7707BDBF+191]

2024-05-21 19:41:40,609 - NewsExtractor - INFO - Opened the news site
2024-05-21 19:41:43,369 - NewsExtractor - WARNING - Unable to click on checkbox - Message: javascript error: {"status":32,"value":"Unable to locate an element with the xpath expression //div/div[1]/label/span[contains(text(), World & Nation)] because of the following error:\nSyntaxError: Failed to execute 'evaluate' on 'Document': The string '//div/div[1]/label/span[contains(text(), World & Nation)]' is not a valid XPath expression."}
  (Session info: chrome=124.0.6367.208)
Stacktrace:
	GetHandleVerifier [0x00A4C113+48259]
	(No symbol) [0x009DCA41]
	(No symbol) [0x008D0A17]
	(No symbol) [0x008D5B58]
	(No symbol) [0x008D7652]
	(No symbol) [0x008D76D0]
	(No symbol) [0x00910A0B]
	(No symbol) [0x00910C9B]
	(No symbol) [0x0094BC12]
	(No symbol) [0x00930DE4]
	(No symbol) [0x00949B9C]
	(No symbol) [0x00930B36]
	(No symbol) [0x0090570D]
	(No symbol) [0x009062CD]
	GetHandleVerifier [0x00D065A3+2908435]
	GetHandleVerifier [0x00D43BBB+3159851]
	GetHandleVerifier [0x00AE50CB+674875]
	GetHandleVerifier [0x00AEB28C+699900]
	(No symbol) [0x009E6244]
	(No symbol) [0x009E2298]
	(No symbol) [0x009E242C]
	(No symbol) [0x009D4BB0]
	BaseThreadInitThunk [0x76097BA9+25]
	RtlInitializeExceptionChain [0x7707BE3B+107]
	RtlClearBits [0x7707BDBF+191]

2024-05-21 19:42:46,778 - NewsExtractor - INFO - Opened the news site
2024-05-21 19:42:49,907 - NewsExtractor - WARNING - Unable to click on checkbox - Message: stale element reference: stale element not found in the current frame
  (Session info: chrome=124.0.6367.208); For documentation on this error, please visit: https://www.selenium.dev/documentation/webdriver/troubleshooting/errors#stale-element-reference-exception
Stacktrace:
	GetHandleVerifier [0x00A4C113+48259]
	(No symbol) [0x009DCA41]
	(No symbol) [0x008D0A17]
	(No symbol) [0x008D5B58]
	(No symbol) [0x008D7652]
	(No symbol) [0x008D76D0]
	(No symbol) [0x0091253E]
	(No symbol) [0x00907282]
	(No symbol) [0x00930D9C]
	(No symbol) [0x00906E25]
	(No symbol) [0x00931034]
	(No symbol) [0x00949B9C]
	(No symbol) [0x00930B36]
	(No symbol) [0x0090570D]
	(No symbol) [0x009062CD]
	GetHandleVerifier [0x00D065A3+2908435]
	GetHandleVerifier [0x00D43BBB+3159851]
	GetHandleVerifier [0x00AE50CB+674875]
	GetHandleVerifier [0x00AEB28C+699900]
	(No symbol) [0x009E6244]
	(No symbol) [0x009E2298]
	(No symbol) [0x009E242C]
	(No symbol) [0x009D4BB0]
	BaseThreadInitThunk [0x76097BA9+25]
	RtlInitializeExceptionChain [0x7707BE3B+107]
	RtlClearBits [0x7707BDBF+191]

2024-05-21 19:47:51,075 - NewsExtractor - INFO - Opened the news site
2024-05-21 19:47:54,502 - NewsExtractor - WARNING - Unable to click on checkbox - Message: javascript error: {"status":32,"value":"Unable to locate an element with the xpath expression //div/div[1]/label/span[contains(text(), World & Nation)] because of the following error:\nSyntaxError: Failed to execute 'evaluate' on 'Document': The string '//div/div[1]/label/span[contains(text(), World & Nation)]' is not a valid XPath expression."}
  (Session info: chrome=124.0.6367.208)
Stacktrace:
	GetHandleVerifier [0x00A4C113+48259]
	(No symbol) [0x009DCA41]
	(No symbol) [0x008D0A17]
	(No symbol) [0x008D5B58]
	(No symbol) [0x008D7652]
	(No symbol) [0x008D76D0]
	(No symbol) [0x00910A0B]
	(No symbol) [0x00910C9B]
	(No symbol) [0x0094BC12]
	(No symbol) [0x00930DE4]
	(No symbol) [0x00949B9C]
	(No symbol) [0x00930B36]
	(No symbol) [0x0090570D]
	(No symbol) [0x009062CD]
	GetHandleVerifier [0x00D065A3+2908435]
	GetHandleVerifier [0x00D43BBB+3159851]
	GetHandleVerifier [0x00AE50CB+674875]
	GetHandleVerifier [0x00AEB28C+699900]
	(No symbol) [0x009E6244]
	(No symbol) [0x009E2298]
	(No symbol) [0x009E242C]
	(No symbol) [0x009D4BB0]
	BaseThreadInitThunk [0x76097BA9+25]
	RtlInitializeExceptionChain [0x7707BE3B+107]
	RtlClearBits [0x7707BDBF+191]

2024-05-21 19:50:05,826 - NewsExtractor - INFO - Opened the news site
2024-05-21 19:50:09,302 - NewsExtractor - WARNING - Unable to click on checkbox - Message: javascript error: {"status":32,"value":"Unable to locate an element with the xpath expression //div/div[1]/label/span[contains(text(), World & Nation)] because of the following error:\nSyntaxError: Failed to execute 'evaluate' on 'Document': The string '//div/div[1]/label/span[contains(text(), World & Nation)]' is not a valid XPath expression."}
  (Session info: chrome=124.0.6367.208)
Stacktrace:
	GetHandleVerifier [0x00A4C113+48259]
	(No symbol) [0x009DCA41]
	(No symbol) [0x008D0A17]
	(No symbol) [0x008D5B58]
	(No symbol) [0x008D7652]
	(No symbol) [0x008D76D0]
	(No symbol) [0x00910A0B]
	(No symbol) [0x00910C9B]
	(No symbol) [0x0094BC12]
	(No symbol) [0x00930DE4]
	(No symbol) [0x00949B9C]
	(No symbol) [0x00930B36]
	(No symbol) [0x0090570D]
	(No symbol) [0x009062CD]
	GetHandleVerifier [0x00D065A3+2908435]
	GetHandleVerifier [0x00D43BBB+3159851]
	GetHandleVerifier [0x00AE50CB+674875]
	GetHandleVerifier [0x00AEB28C+699900]
	(No symbol) [0x009E6244]
	(No symbol) [0x009E2298]
	(No symbol) [0x009E242C]
	(No symbol) [0x009D4BB0]
	BaseThreadInitThunk [0x76097BA9+25]
	RtlInitializeExceptionChain [0x7707BE3B+107]
	RtlClearBits [0x7707BDBF+191]

2024-05-21 23:54:21,674 - NewsExtractor - INFO - Opened the news site
2024-05-21 23:54:28,411 - NewsExtractor - WARNING - Unable to click on checkbox - Message: stale element reference: stale element not found in the current frame
  (Session info: chrome=124.0.6367.208); For documentation on this error, please visit: https://www.selenium.dev/documentation/webdriver/troubleshooting/errors#stale-element-reference-exception
Stacktrace:
	GetHandleVerifier [0x00A4C113+48259]
	(No symbol) [0x009DCA41]
	(No symbol) [0x008D0A17]
	(No symbol) [0x008D5B58]
	(No symbol) [0x008D7652]
	(No symbol) [0x008D76D0]
	(No symbol) [0x0090C3CC]
	(No symbol) [0x00930D9C]
	(No symbol) [0x00906E25]
	(No symbol) [0x00931034]
	(No symbol) [0x00949B9C]
	(No symbol) [0x00930B36]
	(No symbol) [0x0090570D]
	(No symbol) [0x009062CD]
	GetHandleVerifier [0x00D065A3+2908435]
	GetHandleVerifier [0x00D43BBB+3159851]
	GetHandleVerifier [0x00AE50CB+674875]
	GetHandleVerifier [0x00AEB28C+699900]
	(No symbol) [0x009E6244]
	(No symbol) [0x009E2298]
	(No symbol) [0x009E242C]
	(No symbol) [0x009D4BB0]
	BaseThreadInitThunk [0x76097BA9+25]
	RtlInitializeExceptionChain [0x7707BE3B+107]
	RtlClearBits [0x7707BDBF+191]

2024-05-22 00:04:40,533 - NewsExtractor - INFO - Opened the news site
2024-05-22 11:56:09,596 - NewsExtractor - INFO - Opened the news site
2024-05-22 13:27:34,352 - NewsExtractor - INFO - Opened the news site
2024-05-22 13:30:02,041 - NewsExtractor - INFO - Opened the news site
2024-05-22 13:30:05,719 - NewsExtractor - WARNING - Unable to click on checkbox - Message: stale element reference: stale element not found in the current frame
  (Session info: chrome=124.0.6367.208); For documentation on this error, please visit: https://www.selenium.dev/documentation/webdriver/troubleshooting/errors#stale-element-reference-exception
Stacktrace:
	GetHandleVerifier [0x004DC113+48259]
	(No symbol) [0x0046CA41]
	(No symbol) [0x00360A17]
	(No symbol) [0x00365B58]
	(No symbol) [0x00367652]
	(No symbol) [0x003676D0]
	(No symbol) [0x003A253E]
	(No symbol) [0x00397282]
	(No symbol) [0x003C0D9C]
	(No symbol) [0x00396E25]
	(No symbol) [0x003C1034]
	(No symbol) [0x003D9B9C]
	(No symbol) [0x003C0B36]
	(No symbol) [0x0039570D]
	(No symbol) [0x003962CD]
	GetHandleVerifier [0x007965A3+2908435]
	GetHandleVerifier [0x007D3BBB+3159851]
	GetHandleVerifier [0x005750CB+674875]
	GetHandleVerifier [0x0057B28C+699900]
	(No symbol) [0x00476244]
	(No symbol) [0x00472298]
	(No symbol) [0x0047242C]
	(No symbol) [0x00464BB0]
	BaseThreadInitThunk [0x76AC7BA9+25]
	RtlInitializeExceptionChain [0x77D1BE3B+107]
	RtlClearBits [0x77D1BDBF+191]

2024-05-22 13:50:46,106 - NewsExtractor - INFO - Opened the news site
2024-05-22 13:50:47,546 - NewsExtractor - ERROR - Message: element click intercepted: Element <button class="SearchOverlay-search-button">...</button> is not clickable at point (1614, 298). Other element would receive the click: <div class="fancybox-overlay fancybox-overlay-fixed" style="width: auto; height: auto; display: block; z-index: 2147483645;">...</div>
  (Session info: chrome=124.0.6367.208)
Stacktrace:
	GetHandleVerifier [0x004DC113+48259]
	(No symbol) [0x0046CA41]
	(No symbol) [0x00360A17]
	(No symbol) [0x003A69EC]
	(No symbol) [0x003A4E82]
	(No symbol) [0x003A2CEB]
	(No symbol) [0x003A22E7]
	(No symbol) [0x00397389]
	(No symbol) [0x003C0D9C]
	(No symbol) [0x00396E25]
	(No symbol) [0x003C1034]
	(No symbol) [0x003D9B9C]
	(No symbol) [0x003C0B36]
	(No symbol) [0x0039570D]
	(No symbol) [0x003962CD]
	GetHandleVerifier [0x007965A3+2908435]
	GetHandleVerifier [0x007D3BBB+3159851]
	GetHandleVerifier [0x005750CB+674875]
	GetHandleVerifier [0x0057B28C+699900]
	(No symbol) [0x00476244]
	(No symbol) [0x00472298]
	(No symbol) [0x0047242C]
	(No symbol) [0x00464BB0]
	BaseThreadInitThunk [0x76AC7BA9+25]
	RtlInitializeExceptionChain [0x77D1BE3B+107]
	RtlClearBits [0x77D1BDBF+191]
Traceback (most recent call last):
  File "c:\Users\Bill Piazzetta\Documents\PIXELDU\news_data_extraction_2\NewsExtractor.py", line 48, in click_on_search_button
    search_button.click()
  File "C:\ProgramData\robocorp\ht\8e69d8c_b1f3c24_1c0bc041\lib\site-packages\selenium\webdriver\remote\webelement.py", line 93, in click
    self._execute(Command.CLICK_ELEMENT)
  File "C:\ProgramData\robocorp\ht\8e69d8c_b1f3c24_1c0bc041\lib\site-packages\selenium\webdriver\remote\webelement.py", line 394, in _execute
    return self._parent.execute(command, params)
  File "C:\ProgramData\robocorp\ht\8e69d8c_b1f3c24_1c0bc041\lib\site-packages\selenium\webdriver\remote\webdriver.py", line 347, in execute
    self.error_handler.check_response(response)
  File "C:\ProgramData\robocorp\ht\8e69d8c_b1f3c24_1c0bc041\lib\site-packages\selenium\webdriver\remote\errorhandler.py", line 229, in check_response
    raise exception_class(message, screen, stacktrace)
selenium.common.exceptions.ElementClickInterceptedException: Message: element click intercepted: Element <button class="SearchOverlay-search-button">...</button> is not clickable at point (1614, 298). Other element would receive the click: <div class="fancybox-overlay fancybox-overlay-fixed" style="width: auto; height: auto; display: block; z-index: 2147483645;">...</div>
  (Session info: chrome=124.0.6367.208)
Stacktrace:
	GetHandleVerifier [0x004DC113+48259]
	(No symbol) [0x0046CA41]
	(No symbol) [0x00360A17]
	(No symbol) [0x003A69EC]
	(No symbol) [0x003A4E82]
	(No symbol) [0x003A2CEB]
	(No symbol) [0x003A22E7]
	(No symbol) [0x00397389]
	(No symbol) [0x003C0D9C]
	(No symbol) [0x00396E25]
	(No symbol) [0x003C1034]
	(No symbol) [0x003D9B9C]
	(No symbol) [0x003C0B36]
	(No symbol) [0x0039570D]
	(No symbol) [0x003962CD]
	GetHandleVerifier [0x007965A3+2908435]
	GetHandleVerifier [0x007D3BBB+3159851]
	GetHandleVerifier [0x005750CB+674875]
	GetHandleVerifier [0x0057B28C+699900]
	(No symbol) [0x00476244]
	(No symbol) [0x00472298]
	(No symbol) [0x0047242C]
	(No symbol) [0x00464BB0]
	BaseThreadInitThunk [0x76AC7BA9+25]
	RtlInitializeExceptionChain [0x77D1BE3B+107]
	RtlClearBits [0x77D1BDBF+191]

2024-05-22 13:50:48,639 - NewsExtractor - ERROR - Message: element click intercepted: Element <button class="SearchOverlay-search-button">...</button> is not clickable at point (1614, 298). Other element would receive the click: <div class="fancybox-overlay fancybox-overlay-fixed" style="width: auto; height: auto; display: block; z-index: 2147483645;">...</div>
  (Session info: chrome=124.0.6367.208)
Stacktrace:
	GetHandleVerifier [0x004DC113+48259]
	(No symbol) [0x0046CA41]
	(No symbol) [0x00360A17]
	(No symbol) [0x003A69EC]
	(No symbol) [0x003A4E82]
	(No symbol) [0x003A2CEB]
	(No symbol) [0x003A22E7]
	(No symbol) [0x00397389]
	(No symbol) [0x003C0D9C]
	(No symbol) [0x00396E25]
	(No symbol) [0x003C1034]
	(No symbol) [0x003D9B9C]
	(No symbol) [0x003C0B36]
	(No symbol) [0x0039570D]
	(No symbol) [0x003962CD]
	GetHandleVerifier [0x007965A3+2908435]
	GetHandleVerifier [0x007D3BBB+3159851]
	GetHandleVerifier [0x005750CB+674875]
	GetHandleVerifier [0x0057B28C+699900]
	(No symbol) [0x00476244]
	(No symbol) [0x00472298]
	(No symbol) [0x0047242C]
	(No symbol) [0x00464BB0]
	BaseThreadInitThunk [0x76AC7BA9+25]
	RtlInitializeExceptionChain [0x77D1BE3B+107]
	RtlClearBits [0x77D1BDBF+191]
Traceback (most recent call last):
  File "c:\Users\Bill Piazzetta\Documents\PIXELDU\news_data_extraction_2\NewsExtractor.py", line 48, in click_on_search_button
    search_button.click()
  File "C:\ProgramData\robocorp\ht\8e69d8c_b1f3c24_1c0bc041\lib\site-packages\selenium\webdriver\remote\webelement.py", line 93, in click
    self._execute(Command.CLICK_ELEMENT)
  File "C:\ProgramData\robocorp\ht\8e69d8c_b1f3c24_1c0bc041\lib\site-packages\selenium\webdriver\remote\webelement.py", line 394, in _execute
    return self._parent.execute(command, params)
  File "C:\ProgramData\robocorp\ht\8e69d8c_b1f3c24_1c0bc041\lib\site-packages\selenium\webdriver\remote\webdriver.py", line 347, in execute
    self.error_handler.check_response(response)
  File "C:\ProgramData\robocorp\ht\8e69d8c_b1f3c24_1c0bc041\lib\site-packages\selenium\webdriver\remote\errorhandler.py", line 229, in check_response
    raise exception_class(message, screen, stacktrace)
selenium.common.exceptions.ElementClickInterceptedException: Message: element click intercepted: Element <button class="SearchOverlay-search-button">...</button> is not clickable at point (1614, 298). Other element would receive the click: <div class="fancybox-overlay fancybox-overlay-fixed" style="width: auto; height: auto; display: block; z-index: 2147483645;">...</div>
  (Session info: chrome=124.0.6367.208)
Stacktrace:
	GetHandleVerifier [0x004DC113+48259]
	(No symbol) [0x0046CA41]
	(No symbol) [0x00360A17]
	(No symbol) [0x003A69EC]
	(No symbol) [0x003A4E82]
	(No symbol) [0x003A2CEB]
	(No symbol) [0x003A22E7]
	(No symbol) [0x00397389]
	(No symbol) [0x003C0D9C]
	(No symbol) [0x00396E25]
	(No symbol) [0x003C1034]
	(No symbol) [0x003D9B9C]
	(No symbol) [0x003C0B36]
	(No symbol) [0x0039570D]
	(No symbol) [0x003962CD]
	GetHandleVerifier [0x007965A3+2908435]
	GetHandleVerifier [0x007D3BBB+3159851]
	GetHandleVerifier [0x005750CB+674875]
	GetHandleVerifier [0x0057B28C+699900]
	(No symbol) [0x00476244]
	(No symbol) [0x00472298]
	(No symbol) [0x0047242C]
	(No symbol) [0x00464BB0]
	BaseThreadInitThunk [0x76AC7BA9+25]
	RtlInitializeExceptionChain [0x77D1BE3B+107]
	RtlClearBits [0x77D1BDBF+191]


During handling of the above exception, another exception occurred:

Traceback (most recent call last):
  File "c:\Users\Bill Piazzetta\Documents\PIXELDU\news_data_extraction_2\NewsExtractor.py", line 54, in click_on_search_button
    self.browser.click_button_when_visible(search_button)
  File "C:\ProgramData\robocorp\ht\8e69d8c_b1f3c24_1c0bc041\lib\site-packages\RPA\Browser\Selenium.py", line 1210, in click_button_when_visible
    self.click_button(locator, modifier)
  File "C:\ProgramData\robocorp\ht\8e69d8c_b1f3c24_1c0bc041\lib\site-packages\SeleniumLibrary\keywords\element.py", line 565, in click_button
    element.click()
  File "C:\ProgramData\robocorp\ht\8e69d8c_b1f3c24_1c0bc041\lib\site-packages\selenium\webdriver\remote\webelement.py", line 93, in click
    self._execute(Command.CLICK_ELEMENT)
  File "C:\ProgramData\robocorp\ht\8e69d8c_b1f3c24_1c0bc041\lib\site-packages\selenium\webdriver\remote\webelement.py", line 394, in _execute
    return self._parent.execute(command, params)
  File "C:\ProgramData\robocorp\ht\8e69d8c_b1f3c24_1c0bc041\lib\site-packages\selenium\webdriver\remote\webdriver.py", line 347, in execute
    self.error_handler.check_response(response)
  File "C:\ProgramData\robocorp\ht\8e69d8c_b1f3c24_1c0bc041\lib\site-packages\selenium\webdriver\remote\errorhandler.py", line 229, in check_response
    raise exception_class(message, screen, stacktrace)
selenium.common.exceptions.ElementClickInterceptedException: Message: element click intercepted: Element <button class="SearchOverlay-search-button">...</button> is not clickable at point (1614, 298). Other element would receive the click: <div class="fancybox-overlay fancybox-overlay-fixed" style="width: auto; height: auto; display: block; z-index: 2147483645;">...</div>
  (Session info: chrome=124.0.6367.208)
Stacktrace:
	GetHandleVerifier [0x004DC113+48259]
	(No symbol) [0x0046CA41]
	(No symbol) [0x00360A17]
	(No symbol) [0x003A69EC]
	(No symbol) [0x003A4E82]
	(No symbol) [0x003A2CEB]
	(No symbol) [0x003A22E7]
	(No symbol) [0x00397389]
	(No symbol) [0x003C0D9C]
	(No symbol) [0x00396E25]
	(No symbol) [0x003C1034]
	(No symbol) [0x003D9B9C]
	(No symbol) [0x003C0B36]
	(No symbol) [0x0039570D]
	(No symbol) [0x003962CD]
	GetHandleVerifier [0x007965A3+2908435]
	GetHandleVerifier [0x007D3BBB+3159851]
	GetHandleVerifier [0x005750CB+674875]
	GetHandleVerifier [0x0057B28C+699900]
	(No symbol) [0x00476244]
	(No symbol) [0x00472298]
	(No symbol) [0x0047242C]
	(No symbol) [0x00464BB0]
	BaseThreadInitThunk [0x76AC7BA9+25]
	RtlInitializeExceptionChain [0x77D1BE3B+107]
	RtlClearBits [0x77D1BDBF+191]

2024-05-22 13:53:26,031 - NewsExtractor - INFO - Opened the news site
2024-05-22 18:00:32,563 - NewsExtractor - INFO - Opened the news site
2024-05-22 19:25:22,811 - NewsExtractor - INFO - Opened the news site
2024-05-22 19:52:55,318 - NewsExtractor - INFO - Opened the news site
2024-05-22 19:58:37,029 - NewsExtractor - INFO - Opened the news site
2024-05-24 11:17:13,445 - NewsExtractor - INFO - Opened the news site
2024-05-24 11:24:22,177 - NewsExtractor - INFO - Opened the news site
2024-05-24 11:26:48,885 - NewsExtractor - INFO - Opened the news site
2024-05-24 11:29:07,698 - NewsExtractor - INFO - Opened the news site
2024-05-24 11:40:41,274 - NewsExtractor - INFO - Opened the news site
2024-05-24 11:47:05,872 - NewsExtractor - INFO - Opened the news site
2024-05-24 11:48:39,266 - NewsExtractor - INFO - Opened the news site
2024-05-24 11:48:42,820 - NewsExtractor - WARNING - Option not available - Message: stale element reference: stale element not found in the current frame
  (Session info: chrome=125.0.6422.77); For documentation on this error, please visit: https://www.selenium.dev/documentation/webdriver/troubleshooting/errors#stale-element-reference-exception
Stacktrace:
	GetHandleVerifier [0x0116B793+45827]
	(No symbol) [0x010FDB74]
	(No symbol) [0x00FF150F]
	(No symbol) [0x00FF660F]
	(No symbol) [0x00FF8298]
	(No symbol) [0x00FF8310]
	(No symbol) [0x01031ED6]
	(No symbol) [0x0103216B]
	(No symbol) [0x01028471]
	(No symbol) [0x01052E44]
	(No symbol) [0x01028075]
	(No symbol) [0x01053094]
	(No symbol) [0x0106C034]
	(No symbol) [0x01052B96]
	(No symbol) [0x01026998]
	(No symbol) [0x0102751D]
	GetHandleVerifier [0x014243C3+2899763]
	GetHandleVerifier [0x014777ED+3240797]
	GetHandleVerifier [0x011F1264+593364]
	GetHandleVerifier [0x011F818C+621820]
	(No symbol) [0x01106F54]
	(No symbol) [0x01103658]
	(No symbol) [0x011037F7]
	(No symbol) [0x010F58AE]
	BaseThreadInitThunk [0x75B87BA9+25]
	RtlInitializeExceptionChain [0x76F7BE3B+107]
	RtlClearBits [0x76F7BDBF+191]

2024-05-24 11:58:42,459 - NewsExtractor - INFO - Opened the news site
2024-05-24 12:00:55,076 - NewsExtractor - INFO - Opened the news site
2024-05-24 12:04:26,405 - NewsExtractor - INFO - Opened the news site
2024-05-24 12:07:40,958 - NewsExtractor - INFO - Opened the news site
2024-05-24 12:10:37,615 - NewsExtractor - INFO - Opened the news site
2024-05-24 12:13:14,552 - NewsExtractor - INFO - Opened the news site
2024-05-24 19:38:35,638 - NewsExtractor - INFO - Opened the news site
2024-05-25 00:47:46,912 - NewsExtractor - INFO - Opened the news site
2024-05-25 17:27:53,012 - NewsExtractor - INFO - Opened the news site
2024-05-25 18:03:52,094 - NewsExtractor - INFO - Opened the news site
2024-05-25 18:10:02,685 - NewsExtractor - INFO - Opened the news site
2024-05-25 18:15:48,265 - NewsExtractor - INFO - Opened the news site
2024-05-25 18:28:48,897 - NewsExtractor - INFO - Opened the news site
2024-05-25 18:41:52,809 - NewsExtractor - INFO - Opened the news site
2024-05-25 18:51:35,149 - NewsExtractor - INFO - Opened the news site
2024-05-25 19:25:44,330 - NewsExtractor - INFO - Opened the news site
2024-05-25 19:32:53,636 - NewsExtractor - INFO - Opened the news site
2024-05-25 20:01:55,629 - NewsExtractor - INFO - Opened the news site
2024-05-25 20:13:18,578 - NewsExtractor - INFO - Opened the news site
2024-05-26 17:44:31,143 - NewsExtractor - INFO - Opened the news site
2024-05-26 17:52:49,196 - NewsExtractor - INFO - Opened the news site
2024-05-26 17:56:45,338 - NewsExtractor - INFO - Opened the news site
2024-05-26 18:01:42,029 - NewsExtractor - INFO - Opened the news site
2024-05-26 18:15:43,670 - NewsExtractor - INFO - Opened the news site
2024-05-26 18:21:41,491 - NewsExtractor - INFO - Opened the news site
2024-05-26 18:23:02,098 - NewsExtractor - INFO - Opened the news site
2024-05-26 18:29:23,856 - NewsExtractor - INFO - Opened the news site
2024-05-26 18:31:35,910 - NewsExtractor - INFO - Opened the news site
2024-05-26 18:37:43,269 - NewsExtractor - INFO - Opened the news site
2024-05-26 18:39:20,478 - NewsExtractor - INFO - Opened the news site
2024-05-26 18:39:22,987 - NewsExtractor - WARNING - Option not available - Message: stale element reference: stale element not found in the current frame
  (Session info: chrome=125.0.6422.77); For documentation on this error, please visit: https://www.selenium.dev/documentation/webdriver/troubleshooting/errors#stale-element-reference-exception
Stacktrace:
	GetHandleVerifier [0x0067B793+45827]
	(No symbol) [0x0060DB74]
	(No symbol) [0x0050150F]
	(No symbol) [0x0050660F]
	(No symbol) [0x00508298]
	(No symbol) [0x00508310]
	(No symbol) [0x0053D6F0]
	(No symbol) [0x00562DFC]
	(No symbol) [0x00538075]
	(No symbol) [0x00563094]
	(No symbol) [0x0057C034]
	(No symbol) [0x00562B96]
	(No symbol) [0x00536998]
	(No symbol) [0x0053751D]
	GetHandleVerifier [0x009343C3+2899763]
	GetHandleVerifier [0x009877ED+3240797]
	GetHandleVerifier [0x00701264+593364]
	GetHandleVerifier [0x0070818C+621820]
	(No symbol) [0x00616F54]
	(No symbol) [0x00613658]
	(No symbol) [0x006137F7]
	(No symbol) [0x006058AE]
	BaseThreadInitThunk [0x75B87BA9+25]
	RtlInitializeExceptionChain [0x76F7BE3B+107]
	RtlClearBits [0x76F7BDBF+191]

2024-05-26 18:43:28,987 - NewsExtractor - INFO - Opened the news site
2024-05-26 18:49:34,637 - NewsExtractor - INFO - Opened the news site
2024-05-26 18:52:09,654 - NewsExtractor - INFO - Opened the news site
2024-05-26 19:06:24,898 - NewsExtractor - INFO - Opened the news site
