2024-05-21 17:14:21,116 - NewsExtractor - INFO - Opened the news site
2024-05-21 17:26:16,368 - NewsExtractor - INFO - Opened the news site
2024-05-21 17:30:27,934 - NewsExtractor - INFO - Opened the news site
2024-05-21 17:31:00,600 - NewsExtractor - ERROR - Element with locator '//button[@class="SearchOverlay-search-button"]' not found.
Traceback (most recent call last):
  File "c:\Users\Bill Piazzetta\Documents\PIXELDU\news_data_extraction_2\NewsExtractor.py", line 45, in click_on_search_button
    EC.element_to_be_clickable(self.browser.find_element(loc.search_button_xpath))
  File "C:\ProgramData\robocorp\ht\8e69d8c_b1f3c24_1c0bc041\lib\site-packages\SeleniumLibrary\__init__.py", line 610, in find_element
    return self._element_finder.find(locator, parent=parent)
  File "C:\ProgramData\robocorp\ht\8e69d8c_b1f3c24_1c0bc041\lib\site-packages\SeleniumLibrary\locators\elementfinder.py", line 93, in find
    return self._find(locators[-1], tag, first_only, required, element)
  File "C:\ProgramData\robocorp\ht\8e69d8c_b1f3c24_1c0bc041\lib\site-packages\SeleniumLibrary\locators\elementfinder.py", line 125, in _find
    raise ElementNotFound(f"{element_type} with locator '{locator}' not found.")
SeleniumLibrary.errors.ElementNotFound: Element with locator '//button[@class="SearchOverlay-search-button"]' not found.
2024-05-21 17:31:00,601 - NewsExtractor - ERROR - local variable 'search_button' referenced before assignment
Traceback (most recent call last):
  File "c:\Users\Bill Piazzetta\Documents\PIXELDU\news_data_extraction_2\NewsExtractor.py", line 45, in click_on_search_button
    EC.element_to_be_clickable(self.browser.find_element(loc.search_button_xpath))
  File "C:\ProgramData\robocorp\ht\8e69d8c_b1f3c24_1c0bc041\lib\site-packages\SeleniumLibrary\__init__.py", line 610, in find_element
    return self._element_finder.find(locator, parent=parent)
  File "C:\ProgramData\robocorp\ht\8e69d8c_b1f3c24_1c0bc041\lib\site-packages\SeleniumLibrary\locators\elementfinder.py", line 93, in find
    return self._find(locators[-1], tag, first_only, required, element)
  File "C:\ProgramData\robocorp\ht\8e69d8c_b1f3c24_1c0bc041\lib\site-packages\SeleniumLibrary\locators\elementfinder.py", line 125, in _find
    raise ElementNotFound(f"{element_type} with locator '{locator}' not found.")
SeleniumLibrary.errors.ElementNotFound: Element with locator '//button[@class="SearchOverlay-search-button"]' not found.

During handling of the above exception, another exception occurred:

Traceback (most recent call last):
  File "c:\Users\Bill Piazzetta\Documents\PIXELDU\news_data_extraction_2\NewsExtractor.py", line 54, in click_on_search_button
    self.browser.click_button_when_visible(search_button)
UnboundLocalError: local variable 'search_button' referenced before assignment
2024-05-21 17:33:07,711 - NewsExtractor - INFO - Opened the news site
2024-05-21 17:49:04,859 - NewsExtractor - INFO - Opened the news site
2024-05-21 19:10:32,114 - NewsExtractor - INFO - Opened the news site
2024-05-21 19:40:54,791 - NewsExtractor - INFO - Opened the news site
2024-05-21 19:41:04,563 - NewsExtractor - WARNING - Unable to click on checkbox - Message: javascript error: {"status":32,"value":"Unable to locate an element with the xpath expression //div/div[1]/label/span[contains(text(), World & Nation)] because of the following error:\nSyntaxError: Failed to execute 'evaluate' on 'Document': The string '//div/div[1]/label/span[contains(text(), World & Nation)]' is not a valid XPath expression."}
  (Session info: chrome=124.0.6367.208)
Stacktrace:
	GetHandleVerifier [0x00A4C113+48259]
	(No symbol) [0x009DCA41]
	(No symbol) [0x008D0A17]
	(No symbol) [0x008D5B58]
	(No symbol) [0x008D7652]
	(No symbol) [0x008D76D0]
	(No symbol) [0x00910A0B]
	(No symbol) [0x00910C9B]
	(No symbol) [0x0094BC12]
	(No symbol) [0x00930DE4]
	(No symbol) [0x00949B9C]
	(No symbol) [0x00930B36]
	(No symbol) [0x0090570D]
	(No symbol) [0x009062CD]
	GetHandleVerifier [0x00D065A3+2908435]
	GetHandleVerifier [0x00D43BBB+3159851]
	GetHandleVerifier [0x00AE50CB+674875]
	GetHandleVerifier [0x00AEB28C+699900]
	(No symbol) [0x009E6244]
	(No symbol) [0x009E2298]
	(No symbol) [0x009E242C]
	(No symbol) [0x009D4BB0]
	BaseThreadInitThunk [0x76097BA9+25]
	RtlInitializeExceptionChain [0x7707BE3B+107]
	RtlClearBits [0x7707BDBF+191]

2024-05-21 19:41:40,609 - NewsExtractor - INFO - Opened the news site
2024-05-21 19:41:43,369 - NewsExtractor - WARNING - Unable to click on checkbox - Message: javascript error: {"status":32,"value":"Unable to locate an element with the xpath expression //div/div[1]/label/span[contains(text(), World & Nation)] because of the following error:\nSyntaxError: Failed to execute 'evaluate' on 'Document': The string '//div/div[1]/label/span[contains(text(), World & Nation)]' is not a valid XPath expression."}
  (Session info: chrome=124.0.6367.208)
Stacktrace:
	GetHandleVerifier [0x00A4C113+48259]
	(No symbol) [0x009DCA41]
	(No symbol) [0x008D0A17]
	(No symbol) [0x008D5B58]
	(No symbol) [0x008D7652]
	(No symbol) [0x008D76D0]
	(No symbol) [0x00910A0B]
	(No symbol) [0x00910C9B]
	(No symbol) [0x0094BC12]
	(No symbol) [0x00930DE4]
	(No symbol) [0x00949B9C]
	(No symbol) [0x00930B36]
	(No symbol) [0x0090570D]
	(No symbol) [0x009062CD]
	GetHandleVerifier [0x00D065A3+2908435]
	GetHandleVerifier [0x00D43BBB+3159851]
	GetHandleVerifier [0x00AE50CB+674875]
	GetHandleVerifier [0x00AEB28C+699900]
	(No symbol) [0x009E6244]
	(No symbol) [0x009E2298]
	(No symbol) [0x009E242C]
	(No symbol) [0x009D4BB0]
	BaseThreadInitThunk [0x76097BA9+25]
	RtlInitializeExceptionChain [0x7707BE3B+107]
	RtlClearBits [0x7707BDBF+191]

2024-05-21 19:42:46,778 - NewsExtractor - INFO - Opened the news site
2024-05-21 19:42:49,907 - NewsExtractor - WARNING - Unable to click on checkbox - Message: stale element reference: stale element not found in the current frame
  (Session info: chrome=124.0.6367.208); For documentation on this error, please visit: https://www.selenium.dev/documentation/webdriver/troubleshooting/errors#stale-element-reference-exception
Stacktrace:
	GetHandleVerifier [0x00A4C113+48259]
	(No symbol) [0x009DCA41]
	(No symbol) [0x008D0A17]
	(No symbol) [0x008D5B58]
	(No symbol) [0x008D7652]
	(No symbol) [0x008D76D0]
	(No symbol) [0x0091253E]
	(No symbol) [0x00907282]
	(No symbol) [0x00930D9C]
	(No symbol) [0x00906E25]
	(No symbol) [0x00931034]
	(No symbol) [0x00949B9C]
	(No symbol) [0x00930B36]
	(No symbol) [0x0090570D]
	(No symbol) [0x009062CD]
	GetHandleVerifier [0x00D065A3+2908435]
	GetHandleVerifier [0x00D43BBB+3159851]
	GetHandleVerifier [0x00AE50CB+674875]
	GetHandleVerifier [0x00AEB28C+699900]
	(No symbol) [0x009E6244]
	(No symbol) [0x009E2298]
	(No symbol) [0x009E242C]
	(No symbol) [0x009D4BB0]
	BaseThreadInitThunk [0x76097BA9+25]
	RtlInitializeExceptionChain [0x7707BE3B+107]
	RtlClearBits [0x7707BDBF+191]

2024-05-21 19:47:51,075 - NewsExtractor - INFO - Opened the news site
2024-05-21 19:47:54,502 - NewsExtractor - WARNING - Unable to click on checkbox - Message: javascript error: {"status":32,"value":"Unable to locate an element with the xpath expression //div/div[1]/label/span[contains(text(), World & Nation)] because of the following error:\nSyntaxError: Failed to execute 'evaluate' on 'Document': The string '//div/div[1]/label/span[contains(text(), World & Nation)]' is not a valid XPath expression."}
  (Session info: chrome=124.0.6367.208)
Stacktrace:
	GetHandleVerifier [0x00A4C113+48259]
	(No symbol) [0x009DCA41]
	(No symbol) [0x008D0A17]
	(No symbol) [0x008D5B58]
	(No symbol) [0x008D7652]
	(No symbol) [0x008D76D0]
	(No symbol) [0x00910A0B]
	(No symbol) [0x00910C9B]
	(No symbol) [0x0094BC12]
	(No symbol) [0x00930DE4]
	(No symbol) [0x00949B9C]
	(No symbol) [0x00930B36]
	(No symbol) [0x0090570D]
	(No symbol) [0x009062CD]
	GetHandleVerifier [0x00D065A3+2908435]
	GetHandleVerifier [0x00D43BBB+3159851]
	GetHandleVerifier [0x00AE50CB+674875]
	GetHandleVerifier [0x00AEB28C+699900]
	(No symbol) [0x009E6244]
	(No symbol) [0x009E2298]
	(No symbol) [0x009E242C]
	(No symbol) [0x009D4BB0]
	BaseThreadInitThunk [0x76097BA9+25]
	RtlInitializeExceptionChain [0x7707BE3B+107]
	RtlClearBits [0x7707BDBF+191]

2024-05-21 19:50:05,826 - NewsExtractor - INFO - Opened the news site
2024-05-21 19:50:09,302 - NewsExtractor - WARNING - Unable to click on checkbox - Message: javascript error: {"status":32,"value":"Unable to locate an element with the xpath expression //div/div[1]/label/span[contains(text(), World & Nation)] because of the following error:\nSyntaxError: Failed to execute 'evaluate' on 'Document': The string '//div/div[1]/label/span[contains(text(), World & Nation)]' is not a valid XPath expression."}
  (Session info: chrome=124.0.6367.208)
Stacktrace:
	GetHandleVerifier [0x00A4C113+48259]
	(No symbol) [0x009DCA41]
	(No symbol) [0x008D0A17]
	(No symbol) [0x008D5B58]
	(No symbol) [0x008D7652]
	(No symbol) [0x008D76D0]
	(No symbol) [0x00910A0B]
	(No symbol) [0x00910C9B]
	(No symbol) [0x0094BC12]
	(No symbol) [0x00930DE4]
	(No symbol) [0x00949B9C]
	(No symbol) [0x00930B36]
	(No symbol) [0x0090570D]
	(No symbol) [0x009062CD]
	GetHandleVerifier [0x00D065A3+2908435]
	GetHandleVerifier [0x00D43BBB+3159851]
	GetHandleVerifier [0x00AE50CB+674875]
	GetHandleVerifier [0x00AEB28C+699900]
	(No symbol) [0x009E6244]
	(No symbol) [0x009E2298]
	(No symbol) [0x009E242C]
	(No symbol) [0x009D4BB0]
	BaseThreadInitThunk [0x76097BA9+25]
	RtlInitializeExceptionChain [0x7707BE3B+107]
	RtlClearBits [0x7707BDBF+191]

2024-05-21 23:54:21,674 - NewsExtractor - INFO - Opened the news site
2024-05-21 23:54:28,411 - NewsExtractor - WARNING - Unable to click on checkbox - Message: stale element reference: stale element not found in the current frame
  (Session info: chrome=124.0.6367.208); For documentation on this error, please visit: https://www.selenium.dev/documentation/webdriver/troubleshooting/errors#stale-element-reference-exception
Stacktrace:
	GetHandleVerifier [0x00A4C113+48259]
	(No symbol) [0x009DCA41]
	(No symbol) [0x008D0A17]
	(No symbol) [0x008D5B58]
	(No symbol) [0x008D7652]
	(No symbol) [0x008D76D0]
	(No symbol) [0x0090C3CC]
	(No symbol) [0x00930D9C]
	(No symbol) [0x00906E25]
	(No symbol) [0x00931034]
	(No symbol) [0x00949B9C]
	(No symbol) [0x00930B36]
	(No symbol) [0x0090570D]
	(No symbol) [0x009062CD]
	GetHandleVerifier [0x00D065A3+2908435]
	GetHandleVerifier [0x00D43BBB+3159851]
	GetHandleVerifier [0x00AE50CB+674875]
	GetHandleVerifier [0x00AEB28C+699900]
	(No symbol) [0x009E6244]
	(No symbol) [0x009E2298]
	(No symbol) [0x009E242C]
	(No symbol) [0x009D4BB0]
	BaseThreadInitThunk [0x76097BA9+25]
	RtlInitializeExceptionChain [0x7707BE3B+107]
	RtlClearBits [0x7707BDBF+191]

2024-05-22 00:04:40,533 - NewsExtractor - INFO - Opened the news site
2024-05-22 11:56:09,596 - NewsExtractor - INFO - Opened the news site
